生成启动时间为 2015/11/27 14:01:51。
     1>项目“E:\Document\ProtobufVisualStudioNoReplace\Projects\EgmClient\EgmClient\EgmClient.vcxproj”在节点 2 上(build 个目标)。
     1>InitializeBuildStatus:
         正在创建“Debug\EgmClient.unsuccessfulbuild”，因为已指定“AlwaysCreate”。
       ClCompile:
         所有输出均为最新。
         D:\VisualStudio2010\VC\bin\CL.exe /c /ZI /nologo /W3 /WX- /Od /Oy- /D WIN32 /D _DEBUG /D _CONSOLE /D _UNICODE /D UNICODE /Gm /EHsc /RTC1 /MDd /GS /fp:precise /Zc:wchar_t /Zc:forScope /Yu"StdAfx.h" /Fp"Debug\EgmClient.pch" /Fo"Debug\\" /Fd"Debug\vc100.pdb" /Gd /TP /analyze- /errorReport:prompt EgmClient.cpp
         EgmClient.cpp
     1>e:\document\protobufvisualstudionoreplace\projects\egmclient\egmclient\egmclient.cpp(182): warning C4101: “clientAddr”: 未引用的局部变量
       ManifestResourceCompile:
         所有输出均为最新。
       Link:
         D:\VisualStudio2010\VC\bin\link.exe /ERRORREPORT:PROMPT /OUT:"E:\Document\ProtobufVisualStudioNoReplace\Projects\EgmClient\Debug\EgmClient.exe" /INCREMENTAL /NOLOGO /LIBPATH:E:\Document\protobuf2.6.1\lib kernel32.lib user32.lib gdi32.lib winspool.lib comdlg32.lib advapi32.lib shell32.lib ole32.lib oleaut32.lib uuid.lib odbc32.lib odbccp32.lib /MANIFEST /ManifestFile:"Debug\EgmClient.exe.intermediate.manifest" /MANIFESTUAC:"level='asInvoker' uiAccess='false'" /DEBUG /PDB:"E:\Document\ProtobufVisualStudioNoReplace\Projects\EgmClient\Debug\EgmClient.pdb" /SUBSYSTEM:CONSOLE /TLBID:1 /DYNAMICBASE /NXCOMPAT /IMPLIB:"E:\Document\ProtobufVisualStudioNoReplace\Projects\EgmClient\Debug\EgmClient.lib" /MACHINE:X86 Debug\EgmClient.exe.embed.manifest.res
         Debug\egm.pb.obj
         Debug\EgmClient.obj
         Debug\stdafx.obj
       Manifest:
         C:\Program Files (x86)\Microsoft SDKs\Windows\v7.0A\bin\mt.exe /nologo /verbose /out:"Debug\EgmClient.exe.embed.manifest" /manifest Debug\EgmClient.exe.intermediate.manifest
         所有输出均为最新。
       LinkEmbedManifest:
         所有输出均为最新。
         EgmClient.vcxproj -> E:\Document\ProtobufVisualStudioNoReplace\Projects\EgmClient\Debug\EgmClient.exe
       FinalizeBuildStatus:
         正在删除文件“Debug\EgmClient.unsuccessfulbuild”。
         正在对“Debug\EgmClient.lastbuildstate”执行 Touch 任务。
     1>已完成生成项目“E:\Document\ProtobufVisualStudioNoReplace\Projects\EgmClient\EgmClient\EgmClient.vcxproj”(build 个目标)的操作。

生成成功。

已用时间 00:00:01.51
