E:\DOCUMENT\PROTOBUFVISUALSTUDIONOREPLACE\PROJECTS\EGMCLIENT\DEBUG\EGMCLIENT.EXE
E:\DOCUMENT\PROTOBUFVISUALSTUDIONOREPLACE\PROJECTS\EGMCLIENT\DEBUG\EGMCLIENT.ILK
E:\DOCUMENT\PROTOBUFVISUALSTUDIONOREPLACE\PROJECTS\EGMCLIENT\DEBUG\EGMCLIENT.PDB
E:\Document\ProtobufVisualStudioNoReplace\Projects\EgmClient\EgmClient\Debug\cl.command.1.tlog
E:\Document\ProtobufVisualStudioNoReplace\Projects\EgmClient\EgmClient\Debug\CL.read.1.tlog
E:\Document\ProtobufVisualStudioNoReplace\Projects\EgmClient\EgmClient\Debug\CL.write.1.tlog
E:\DOCUMENT\PROTOBUFVISUALSTUDIONOREPLACE\PROJECTS\EGMCLIENT\EGMCLIENT\DEBUG\EGM.PB.OBJ
E:\DOCUMENT\PROTOBUFVISUALSTUDIONOREPLACE\PROJECTS\EGMCLIENT\EGMCLIENT\DEBUG\EGMCLIENT.EXE.EMBED.MANIFEST
E:\DOCUMENT\PROTOBUFVISUALSTUDIONOREPLACE\PROJECTS\EGMCLIENT\EGMCLIENT\DEBUG\EGMCLIENT.EXE.EMBED.MANIFEST.RES
E:\DOCUMENT\PROTOBUFVISUALSTUDIONOREPLACE\PROJECTS\EGMCLIENT\EGMCLIENT\DEBUG\EGMCLIENT.EXE.INTERMEDIATE.MANIFEST
E:\DOCUMENT\PROTOBUFVISUALSTUDIONOREPLACE\PROJECTS\EGMCLIENT\EGMCLIENT\DEBUG\EGMCLIENT.OBJ
E:\DOCUMENT\PROTOBUFVISUALSTUDIONOREPLACE\PROJECTS\EGMCLIENT\EGMCLIENT\DEBUG\EGMCLIENT.PCH
E:\Document\ProtobufVisualStudioNoReplace\Projects\EgmClient\EgmClient\Debug\EgmClient.write.1.tlog
E:\Document\ProtobufVisualStudioNoReplace\Projects\EgmClient\EgmClient\Debug\EgmClient_manifest.rc
E:\Document\ProtobufVisualStudioNoReplace\Projects\EgmClient\EgmClient\Debug\link.4256.read.1.tlog
E:\Document\ProtobufVisualStudioNoReplace\Projects\EgmClient\EgmClient\Debug\link.4256.write.1.tlog
E:\Document\ProtobufVisualStudioNoReplace\Projects\EgmClient\EgmClient\Debug\link.4256-cvtres.read.1.tlog
E:\Document\ProtobufVisualStudioNoReplace\Projects\EgmClient\EgmClient\Debug\link.4256-cvtres.write.1.tlog
E:\Document\ProtobufVisualStudioNoReplace\Projects\EgmClient\EgmClient\Debug\link.command.1.tlog
E:\Document\ProtobufVisualStudioNoReplace\Projects\EgmClient\EgmClient\Debug\link.read.1.tlog
E:\Document\ProtobufVisualStudioNoReplace\Projects\EgmClient\EgmClient\Debug\link.write.1.tlog
E:\Document\ProtobufVisualStudioNoReplace\Projects\EgmClient\EgmClient\Debug\link-cvtres.read.1.tlog
E:\Document\ProtobufVisualStudioNoReplace\Projects\EgmClient\EgmClient\Debug\link-cvtres.write.1.tlog
E:\Document\ProtobufVisualStudioNoReplace\Projects\EgmClient\EgmClient\Debug\mt.command.1.tlog
E:\Document\ProtobufVisualStudioNoReplace\Projects\EgmClient\EgmClient\Debug\mt.read.1.tlog
E:\Document\ProtobufVisualStudioNoReplace\Projects\EgmClient\EgmClient\Debug\mt.write.1.tlog
E:\Document\ProtobufVisualStudioNoReplace\Projects\EgmClient\EgmClient\Debug\rc.command.1.tlog
E:\Document\ProtobufVisualStudioNoReplace\Projects\EgmClient\EgmClient\Debug\rc.read.1.tlog
E:\Document\ProtobufVisualStudioNoReplace\Projects\EgmClient\EgmClient\Debug\rc.write.1.tlog
E:\DOCUMENT\PROTOBUFVISUALSTUDIONOREPLACE\PROJECTS\EGMCLIENT\EGMCLIENT\DEBUG\STDAFX.OBJ
E:\Document\ProtobufVisualStudioNoReplace\Projects\EgmClient\EgmClient\Debug\vc100.idb
E:\DOCUMENT\PROTOBUFVISUALSTUDIONOREPLACE\PROJECTS\EGMCLIENT\EGMCLIENT\DEBUG\VC100.PDB
